<?xml version="1.0" encoding="utf-8"?><testsuites name="pytest tests"><testsuite name="pytest" errors="0" failures="0" skipped="0" tests="17" time="3.139" timestamp="2026-02-19T11:32:57.127768+00:00" hostname="agent-env-a43a9663-6c08-4e27-b83f-3f8e4e67d95b"><testcase classname="backend.tests.test_day7_email_endpoints.TestUpgradeDay7EndpointNoAuth" name="test_upgrade_day7_no_auth" time="0.015" /><testcase classname="backend.tests.test_day7_email_endpoints.TestUpgradeDay7EndpointNoAuth" name="test_upgrade_day7_invalid_token" time="0.012" /><testcase classname="backend.tests.test_day7_email_endpoints.TestUpgradeDay7EndpointNoAuth" name="test_upgrade_day7_malformed_auth_header" time="0.012" /><testcase classname="backend.tests.test_day7_email_endpoints.TestUpgradeDay7EndpointStructure" name="test_endpoint_exists" time="0.012" /><testcase classname="backend.tests.test_day7_email_endpoints.TestUpgradeDay7EndpointStructure" name="test_returns_json" time="0.010" /><testcase classname="backend.tests.test_day7_email_endpoints.TestUpgradeDay7EndpointStructure" name="test_get_method_not_allowed" time="0.009" /><testcase classname="backend.tests.test_day7_email_endpoints.TestCronEmailsEndpoint" name="test_cron_endpoint_route_exists" time="0.000" /><testcase classname="backend.tests.test_day7_email_endpoints.TestCronEmailsEndpoint" name="test_cron_secret_verification_code" time="0.000" /><testcase classname="backend.tests.test_day7_email_endpoints.TestCronEmailsEndpoint" name="test_cron_response_structure_from_code" time="0.000" /><testcase classname="backend.tests.test_day7_email_endpoints.TestCronEmailsEndpoint" name="test_cron_endpoint_accepts_request" time="3.003" /><testcase classname="backend.tests.test_day7_email_endpoints.TestEmailHtmlTemplate" name="test_template_from_route_file" time="0.000" /><testcase classname="backend.tests.test_day7_email_endpoints.TestEmailHtmlTemplate" name="test_cron_template_matches" time="0.000" /><testcase classname="backend.tests.test_day7_email_endpoints.TestRateLimitingLogic" name="test_rate_limit_code_exists" time="0.000" /><testcase classname="backend.tests.test_day7_email_endpoints.TestRateLimitingLogic" name="test_duplicate_prevention_code_exists" time="0.000" /><testcase classname="backend.tests.test_day7_email_endpoints.TestRateLimitingLogic" name="test_tier_check_exists" time="0.000" /><testcase classname="backend.tests.test_day7_email_endpoints.TestCronEligibilityCriteria" name="test_day7_window_calculation" time="0.000" /><testcase classname="backend.tests.test_day7_email_endpoints.TestCronEligibilityCriteria" name="test_onboarding_check_exists" time="0.000" /></testsuite></testsuites>