<?xml version="1.0" encoding="utf-8"?><testsuites name="pytest tests"><testsuite name="pytest" errors="0" failures="2" skipped="0" tests="11" time="1.851" timestamp="2026-02-19T02:39:46.703864+00:00" hostname="agent-env-a43a9663-6c08-4e27-b83f-3f8e4e67d95b"><testcase classname="backend.tests.test_email_endpoints.TestEmailEndpointsNoAuth" name="test_welcome_email_no_auth" time="0.058" /><testcase classname="backend.tests.test_email_endpoints.TestEmailEndpointsNoAuth" name="test_upgrade_limit_email_no_auth" time="1.575" /><testcase classname="backend.tests.test_email_endpoints.TestEmailEndpointsInvalidAuth" name="test_welcome_email_invalid_token" time="0.019"><failure message="AssertionError: Expected 401, got 500: {&quot;ok&quot;:false,&quot;error&quot;:&quot;Decoding Firebase ID token failed. Make sure you passed the entire string JWT which represents an ID token. See https://firebase.google.com/docs/auth/admin/verify-id-tokens for details on how to retrieve an ID token.&quot;}&#10;assert 500 == 401&#10; +  where 500 = &lt;Response [500]&gt;.status_code">backend/tests/test_email_endpoints.py:61: in test_welcome_email_invalid_token
    assert response.status_code == 401, f"Expected 401, got {response.status_code}: {response.text}"
E   AssertionError: Expected 401, got 500: {"ok":false,"error":"Decoding Firebase ID token failed. Make sure you passed the entire string JWT which represents an ID token. See https://firebase.google.com/docs/auth/admin/verify-id-tokens for details on how to retrieve an ID token."}
E   assert 500 == 401
E    +  where 500 = &lt;Response [500]&gt;.status_code</failure></testcase><testcase classname="backend.tests.test_email_endpoints.TestEmailEndpointsInvalidAuth" name="test_upgrade_limit_email_invalid_token" time="0.011"><failure message="AssertionError: Expected 401, got 500: {&quot;ok&quot;:false,&quot;error&quot;:&quot;Decoding Firebase ID token failed. Make sure you passed the entire string JWT which represents an ID token. See https://firebase.google.com/docs/auth/admin/verify-id-tokens for details on how to retrieve an ID token.&quot;}&#10;assert 500 == 401&#10; +  where 500 = &lt;Response [500]&gt;.status_code">backend/tests/test_email_endpoints.py:77: in test_upgrade_limit_email_invalid_token
    assert response.status_code == 401, f"Expected 401, got {response.status_code}: {response.text}"
E   AssertionError: Expected 401, got 500: {"ok":false,"error":"Decoding Firebase ID token failed. Make sure you passed the entire string JWT which represents an ID token. See https://firebase.google.com/docs/auth/admin/verify-id-tokens for details on how to retrieve an ID token."}
E   assert 500 == 401
E    +  where 500 = &lt;Response [500]&gt;.status_code</failure></testcase><testcase classname="backend.tests.test_email_endpoints.TestEmailEndpointsInvalidAuth" name="test_welcome_email_malformed_auth_header" time="0.009" /><testcase classname="backend.tests.test_email_endpoints.TestEmailEndpointStructure" name="test_welcome_endpoint_exists" time="0.010" /><testcase classname="backend.tests.test_email_endpoints.TestEmailEndpointStructure" name="test_upgrade_limit_endpoint_exists" time="0.009" /><testcase classname="backend.tests.test_email_endpoints.TestEmailEndpointStructure" name="test_welcome_returns_json" time="0.012" /><testcase classname="backend.tests.test_email_endpoints.TestEmailEndpointStructure" name="test_upgrade_limit_returns_json" time="0.011" /><testcase classname="backend.tests.test_email_endpoints.TestEmailEndpointMethods" name="test_welcome_get_not_allowed" time="0.008" /><testcase classname="backend.tests.test_email_endpoints.TestEmailEndpointMethods" name="test_upgrade_limit_get_not_allowed" time="0.008" /></testsuite></testsuites>