<?xml version="1.0" encoding="utf-8"?><testsuites name="pytest tests"><testsuite name="pytest" errors="0" failures="0" skipped="0" tests="11" time="0.178" timestamp="2026-02-19T02:40:11.542774+00:00" hostname="agent-env-a43a9663-6c08-4e27-b83f-3f8e4e67d95b"><testcase classname="backend.tests.test_email_endpoints.TestEmailEndpointsNoAuth" name="test_welcome_email_no_auth" time="0.014" /><testcase classname="backend.tests.test_email_endpoints.TestEmailEndpointsNoAuth" name="test_upgrade_limit_email_no_auth" time="0.010" /><testcase classname="backend.tests.test_email_endpoints.TestEmailEndpointsInvalidAuth" name="test_welcome_email_invalid_token" time="0.009" /><testcase classname="backend.tests.test_email_endpoints.TestEmailEndpointsInvalidAuth" name="test_upgrade_limit_email_invalid_token" time="0.014" /><testcase classname="backend.tests.test_email_endpoints.TestEmailEndpointsInvalidAuth" name="test_welcome_email_malformed_auth_header" time="0.011" /><testcase classname="backend.tests.test_email_endpoints.TestEmailEndpointStructure" name="test_welcome_endpoint_exists" time="0.011" /><testcase classname="backend.tests.test_email_endpoints.TestEmailEndpointStructure" name="test_upgrade_limit_endpoint_exists" time="0.014" /><testcase classname="backend.tests.test_email_endpoints.TestEmailEndpointStructure" name="test_welcome_returns_json" time="0.011" /><testcase classname="backend.tests.test_email_endpoints.TestEmailEndpointStructure" name="test_upgrade_limit_returns_json" time="0.010" /><testcase classname="backend.tests.test_email_endpoints.TestEmailEndpointMethods" name="test_welcome_get_not_allowed" time="0.009" /><testcase classname="backend.tests.test_email_endpoints.TestEmailEndpointMethods" name="test_upgrade_limit_get_not_allowed" time="0.008" /></testsuite></testsuites>