<?xml version="1.0" encoding="utf-8"?><testsuites name="pytest tests"><testsuite name="pytest" errors="0" failures="0" skipped="0" tests="22" time="6.447" timestamp="2026-02-19T11:50:22.360727+00:00" hostname="agent-env-a43a9663-6c08-4e27-b83f-3f8e4e67d95b"><testcase classname="backend.tests.test_p3_email_endpoints.TestFirstImageEmail" name="test_first_image_returns_401_without_auth" time="0.036" /><testcase classname="backend.tests.test_p3_email_endpoints.TestFirstImageEmail" name="test_first_image_endpoint_exists" time="0.014" /><testcase classname="backend.tests.test_p3_email_endpoints.TestFirstImageEmail" name="test_first_image_returns_json" time="0.014" /><testcase classname="backend.tests.test_p3_email_endpoints.TestFirstImageEmail" name="test_first_image_accepts_body_params" time="0.013" /><testcase classname="backend.tests.test_p3_email_endpoints.TestFirstImageEmail" name="test_first_image_response_structure" time="0.012" /><testcase classname="backend.tests.test_p3_email_endpoints.TestEpkPublishedEmail" name="test_epk_published_returns_401_without_auth" time="1.113" /><testcase classname="backend.tests.test_p3_email_endpoints.TestEpkPublishedEmail" name="test_epk_published_endpoint_exists" time="0.012" /><testcase classname="backend.tests.test_p3_email_endpoints.TestEpkPublishedEmail" name="test_epk_published_returns_json" time="0.012" /><testcase classname="backend.tests.test_p3_email_endpoints.TestEpkPublishedEmail" name="test_epk_published_response_structure" time="0.016" /><testcase classname="backend.tests.test_p3_email_endpoints.TestAllEmailEndpoints" name="test_core_email_endpoints_available" time="1.382" /><testcase classname="backend.tests.test_p3_email_endpoints.TestAllEmailEndpoints" name="test_drip_email_endpoints_available" time="2.496" /><testcase classname="backend.tests.test_p3_email_endpoints.TestAllEmailEndpoints" name="test_upgrade_email_endpoints_available" time="0.626" /><testcase classname="backend.tests.test_p3_email_endpoints.TestAllEmailEndpoints" name="test_admin_email_endpoints_available" time="0.477" /><testcase classname="backend.tests.test_p3_email_endpoints.TestAllEmailEndpoints" name="test_total_email_endpoint_count" time="0.111" /><testcase classname="backend.tests.test_p3_email_endpoints.TestApphostingConfig" name="test_cron_secret_in_apphosting_yaml" time="0.000" /><testcase classname="backend.tests.test_p3_email_endpoints.TestApphostingConfig" name="test_cron_secret_runtime_availability" time="0.000" /><testcase classname="backend.tests.test_p3_email_endpoints.TestPressImageManagerIntegration" name="test_press_image_manager_contains_first_image_trigger" time="0.000" /><testcase classname="backend.tests.test_p3_email_endpoints.TestPressImageManagerIntegration" name="test_press_image_manager_checks_first_upload" time="0.000" /><testcase classname="backend.tests.test_p3_email_endpoints.TestPressImageManagerIntegration" name="test_press_image_manager_sends_image_metadata" time="0.000" /><testcase classname="backend.tests.test_p3_email_endpoints.TestProductionSetupDoc" name="test_production_setup_exists" time="0.000" /><testcase classname="backend.tests.test_p3_email_endpoints.TestProductionSetupDoc" name="test_production_setup_contains_cron_secret_instructions" time="0.000" /><testcase classname="backend.tests.test_p3_email_endpoints.TestProductionSetupDoc" name="test_production_setup_contains_scheduler_instructions" time="0.000" /></testsuite></testsuites>