<?xml version="1.0" encoding="utf-8"?><testsuites name="pytest tests"><testsuite name="pytest" errors="0" failures="0" skipped="0" tests="31" time="26.216" timestamp="2026-02-19T11:43:13.707898+00:00" hostname="agent-env-a43a9663-6c08-4e27-b83f-3f8e4e67d95b"><testcase classname="backend.tests.test_phase6c_p2_endpoints.TestProfileReminderEndpoint" name="test_profile_reminder_no_auth_returns_401" time="2.399" /><testcase classname="backend.tests.test_phase6c_p2_endpoints.TestProfileReminderEndpoint" name="test_profile_reminder_endpoint_exists" time="0.015" /><testcase classname="backend.tests.test_phase6c_p2_endpoints.TestProfileReminderEndpoint" name="test_profile_reminder_returns_json" time="0.012" /><testcase classname="backend.tests.test_phase6c_p2_endpoints.TestEpkGuideEndpoint" name="test_epk_guide_no_auth_returns_401" time="0.591" /><testcase classname="backend.tests.test_phase6c_p2_endpoints.TestEpkGuideEndpoint" name="test_epk_guide_endpoint_exists" time="0.014" /><testcase classname="backend.tests.test_phase6c_p2_endpoints.TestEpkGuideEndpoint" name="test_epk_guide_returns_json" time="0.010" /><testcase classname="backend.tests.test_phase6c_p2_endpoints.TestReengagementEndpoint" name="test_reengagement_no_auth_returns_401" time="0.422" /><testcase classname="backend.tests.test_phase6c_p2_endpoints.TestReengagementEndpoint" name="test_reengagement_endpoint_exists" time="0.011" /><testcase classname="backend.tests.test_phase6c_p2_endpoints.TestReengagementEndpoint" name="test_reengagement_returns_json" time="0.013" /><testcase classname="backend.tests.test_phase6c_p2_endpoints.TestCronEmailsEndpoint" name="test_cron_type_all_dryrun" time="5.006" /><testcase classname="backend.tests.test_phase6c_p2_endpoints.TestCronEmailsEndpoint" name="test_cron_type_day2_dryrun" time="5.006" /><testcase classname="backend.tests.test_phase6c_p2_endpoints.TestCronEmailsEndpoint" name="test_cron_type_day5_dryrun" time="5.007" /><testcase classname="backend.tests.test_phase6c_p2_endpoints.TestCronEmailsEndpoint" name="test_cron_type_reengagement_dryrun" time="5.006" /><testcase classname="backend.tests.test_phase6c_p2_endpoints.TestCronEmailsRouteCode" name="test_cron_route_has_all_email_types" time="0.000" /><testcase classname="backend.tests.test_phase6c_p2_endpoints.TestCronEmailsRouteCode" name="test_cron_route_has_breakdown_structure" time="0.000" /><testcase classname="backend.tests.test_phase6c_p2_endpoints.TestCronEmailsRouteCode" name="test_cron_route_type_all_handles_all_emails" time="0.000" /><testcase classname="backend.tests.test_phase6c_p2_endpoints.TestStripeCheckoutEndpoint" name="test_stripe_checkout_no_auth_returns_401" time="1.360" /><testcase classname="backend.tests.test_phase6c_p2_endpoints.TestStripeCheckoutEndpoint" name="test_stripe_checkout_endpoint_exists" time="0.012" /><testcase classname="backend.tests.test_phase6c_p2_endpoints.TestStripeCheckoutEndpoint" name="test_stripe_checkout_returns_json" time="0.010" /><testcase classname="backend.tests.test_phase6c_p2_endpoints.TestStripeCheckoutRouteCode" name="test_checkout_route_has_tier_price_mapping" time="0.000" /><testcase classname="backend.tests.test_phase6c_p2_endpoints.TestStripeCheckoutRouteCode" name="test_checkout_route_creates_session" time="0.000" /><testcase classname="backend.tests.test_phase6c_p2_endpoints.TestStripeCheckoutRouteCode" name="test_checkout_route_validates_auth" time="0.000" /><testcase classname="backend.tests.test_phase6c_p2_endpoints.TestStripeWebhookEndpoint" name="test_webhook_endpoint_exists" time="1.214" /><testcase classname="backend.tests.test_phase6c_p2_endpoints.TestStripeWebhookEndpoint" name="test_webhook_rejects_unsigned_request" time="0.014" /><testcase classname="backend.tests.test_phase6c_p2_endpoints.TestStripeWebhookRouteCode" name="test_webhook_handles_checkout_completed" time="0.000" /><testcase classname="backend.tests.test_phase6c_p2_endpoints.TestStripeWebhookRouteCode" name="test_webhook_handles_subscription_events" time="0.000" /><testcase classname="backend.tests.test_phase6c_p2_endpoints.TestStripeWebhookRouteCode" name="test_webhook_handles_payment_events" time="0.000" /><testcase classname="backend.tests.test_phase6c_p2_endpoints.TestStripeWebhookRouteCode" name="test_webhook_verifies_signature" time="0.000" /><testcase classname="backend.tests.test_phase6c_p2_endpoints.TestProfileReminderEmailTemplate" name="test_profile_reminder_template_content" time="0.000" /><testcase classname="backend.tests.test_phase6c_p2_endpoints.TestEpkGuideEmailTemplate" name="test_epk_guide_template_content" time="0.000" /><testcase classname="backend.tests.test_phase6c_p2_endpoints.TestReengagementEmailTemplate" name="test_reengagement_template_content" time="0.000" /></testsuite></testsuites>